>>> Warning 214 "d:\Users\pc-cx\Desktop\REFLOW\MainUtility.c" Line 60(1,1): Operator precedance rules may not be as intended, use () to clarify
>>> Warning 214 "d:\Users\pc-cx\Desktop\REFLOW\MainUtility.c" Line 64(1,1): Operator precedance rules may not be as intended, use () to clarify
>>> Warning 214 "d:\Users\pc-cx\Desktop\REFLOW\MainUtility.c" Line 71(1,1): Operator precedance rules may not be as intended, use () to clarify
>>> Warning 214 "d:\Users\pc-cx\Desktop\REFLOW\MainUtility.c" Line 75(1,1): Operator precedance rules may not be as intended, use () to clarify
>>> Warning 214 "d:\Users\pc-cx\Desktop\REFLOW\MainUtility.c" Line 82(1,1): Operator precedance rules may not be as intended, use () to clarify
>>> Warning 214 "d:\Users\pc-cx\Desktop\REFLOW\MainUtility.c" Line 86(1,1): Operator precedance rules may not be as intended, use () to clarify
>>> Warning 214 "d:\Users\pc-cx\Desktop\REFLOW\Auxiliares_Estados.c" Line 259(1,1): Operator precedance rules may not be as intended, use () to clarify
>>> Warning 214 "d:\Users\pc-cx\Desktop\REFLOW\Auxiliares_Estados.c" Line 264(1,1): Operator precedance rules may not be as intended, use () to clarify
>>> Warning 214 "d:\Users\pc-cx\Desktop\REFLOW\Auxiliares_Estados.c" Line 486(1,1): Operator precedance rules may not be as intended, use () to clarify
>>> Warning 203 "d:\Users\pc-cx\Desktop\REFLOW\Estados.c" Line 8(1,1): Condition always TRUE
>>> Warning 203 "d:\Users\pc-cx\Desktop\REFLOW\Estados.c" Line 28(1,1): Condition always TRUE
>>> Warning 203 "d:\Users\pc-cx\Desktop\REFLOW\Estados.c" Line 118(1,1): Condition always TRUE
>>> Warning 203 "d:\Users\pc-cx\Desktop\REFLOW\Estados.c" Line 131(1,1): Condition always TRUE
>>> Warning 203 "d:\Users\pc-cx\Desktop\REFLOW\Estados.c" Line 144(1,1): Condition always TRUE
>>> Warning 203 "d:\Users\pc-cx\Desktop\REFLOW\Estados.c" Line 158(1,1): Condition always TRUE
>>> Warning 203 "d:\Users\pc-cx\Desktop\REFLOW\Estados.c" Line 173(1,1): Condition always TRUE
>>> Warning 203 "d:\Users\pc-cx\Desktop\REFLOW\Estados.c" Line 190(1,1): Condition always TRUE
>>> Warning 203 "d:\Users\pc-cx\Desktop\REFLOW\Estados.c" Line 207(1,1): Condition always TRUE
>>> Warning 203 "d:\Users\pc-cx\Desktop\REFLOW\Estados.c" Line 223(1,1): Condition always TRUE
>>> Warning 203 "d:\Users\pc-cx\Desktop\REFLOW\Estados.c" Line 239(1,1): Condition always TRUE
>>> Warning 203 "d:\Users\pc-cx\Desktop\REFLOW\Estados.c" Line 256(1,1): Condition always TRUE
>>> Warning 203 "d:\Users\pc-cx\Desktop\REFLOW\Estados.c" Line 273(1,1): Condition always TRUE
>>> Warning 203 "d:\Users\pc-cx\Desktop\REFLOW\Estados.c" Line 289(1,1): Condition always TRUE
>>> Warning 203 "d:\Users\pc-cx\Desktop\REFLOW\Estados.c" Line 305(1,1): Condition always TRUE
>>> Warning 203 "d:\Users\pc-cx\Desktop\REFLOW\Estados.c" Line 322(1,1): Condition always TRUE
>>> Warning 203 "d:\Users\pc-cx\Desktop\REFLOW\Estados.c" Line 339(1,1): Condition always TRUE
>>> Warning 203 "d:\Users\pc-cx\Desktop\REFLOW\Estados.c" Line 355(1,1): Condition always TRUE
>>> Warning 203 "d:\Users\pc-cx\Desktop\REFLOW\Estados.c" Line 371(1,1): Condition always TRUE
>>> Warning 203 "d:\Users\pc-cx\Desktop\REFLOW\Estados.c" Line 387(1,1): Condition always TRUE
>>> Warning 203 "d:\Users\pc-cx\Desktop\REFLOW\Estados.c" Line 404(1,1): Condition always TRUE
>>> Warning 203 "d:\Users\pc-cx\Desktop\REFLOW\Estados.c" Line 419(1,1): Condition always TRUE
>>> Warning 203 "d:\Users\pc-cx\Desktop\REFLOW\Estados.c" Line 435(1,1): Condition always TRUE
>>> Warning 203 "d:\Users\pc-cx\Desktop\REFLOW\Estados.c" Line 450(1,1): Condition always TRUE
>>> Warning 203 "d:\Users\pc-cx\Desktop\REFLOW\Estados.c" Line 468(1,1): Condition always TRUE
>>> Warning 203 "d:\Users\pc-cx\Desktop\REFLOW\Estados.c" Line 486(1,1): Condition always TRUE
>>> Warning 203 "d:\Users\pc-cx\Desktop\REFLOW\Estados.c" Line 504(1,1): Condition always TRUE
>>> Warning 203 "d:\Users\pc-cx\Desktop\REFLOW\Estados.c" Line 522(1,1): Condition always TRUE
>>> Warning 203 "d:\Users\pc-cx\Desktop\REFLOW\Estados.c" Line 538(1,1): Condition always TRUE
>>> Warning 203 "d:\Users\pc-cx\Desktop\REFLOW\Estados.c" Line 580(1,1): Condition always TRUE
>>> Warning 203 "d:\Users\pc-cx\Desktop\REFLOW\Estados.c" Line 606(1,1): Condition always TRUE
>>> Warning 203 "d:\Users\pc-cx\Desktop\REFLOW\Estados.c" Line 655(1,1): Condition always TRUE
>>> Warning 203 "REFLOW.c" Line 22(1,1): Condition always TRUE
>>> Warning 203 "REFLOW.c" Line 48(1,1): Condition always TRUE
>>> Warning 216 "REFLOW.c" Line 158(1,2): Interrupts disabled during call to prevent re-entrancy:  (@delay_ms1)
>>> Warning 216 "REFLOW.c" Line 158(1,2): Interrupts disabled during call to prevent re-entrancy:  (@ADDFF)
      Memory usage:   ROM=92%      RAM=22% - 27%
      0 Errors,  45 Warnings.
Build Successful.
